<?xml version="1.0" encoding="UTF-8"?>
<!-- Generated by org.testng.reporters.JUnitReportReporter -->
<testsuite skipped="0" hostname="LAPTOP-8PQVNET1" name="com.application.tests.HomePageTest" tests="1" failures="0" timestamp="12 May 2019 16:29:20 GMT" time="6.400" errors="0">
  <testcase name="search_product" time="6.400" classname="com.application.tests.HomePageTest"/>
</testsuite> <!-- com.application.tests.HomePageTest -->
